GET /api/v1/auth/github/login user=anon status=200 time=0.43s
GET /favicon.ico user=anon status=404 time=0.02s
GET /api/v1/auth/github/callback user=anon status=200 time=3.53s
GET /api/v1/auth/github/callback user=anon status=400 time=0.02s
GET /api/v1/auth/github/login user=anon status=200 time=0.04s
GET /api/v1/auth/github/callback user=anon status=200 time=3.89s
GET /api/v1/auth/github/login user=anon status=200 time=0.02s
GET /api/v1/auth/github/callback user=anon status=200 time=12.88s
GET /api/v1/auth/github/login user=anon status=200 time=0.34s
GET /favicon.ico user=anon status=404 time=0.01s
GET /api/v1/auth/github/login user=anon status=200 time=0.72s
GET /favicon.ico user=anon status=404 time=0.04s
GET /api/v1/auth/github/login user=anon status=200 time=0.07s
GET /api/v1/auth/github/login user=anon status=200 time=0.20s
GET /api/v1/auth/github/login user=anon status=200 time=0.06s
GET /api/v1/auth/github/login user=anon status=200 time=0.24s
GET /favicon.ico user=anon status=404 time=0.02s
POST /api/v1/auth/token user=anon status=404 time=0.01s
GET /api/v1/auth/github/login user=anon status=200 time=0.07s
GET /api/v1/auth/github/login user=anon status=200 time=0.08s
GET /api/v1/auth/github/login user=anon status=200 time=0.30s
GET /favicon.ico user=anon status=404 time=0.03s
GET /api/v1/auth/github/login user=anon status=200 time=0.06s
GET /api/v1/auth/github/callback user=anon status=200 time=6.16s
POST /api/v1/auth/token user=anon status=404 time=0.11s
GET /api/v1/profiles user=anon status=403 time=0.15s
GET /api/v1/auth/github/login user=anon status=200 time=0.04s
GET /api/v1/auth/github/callback user=anon status=400 time=0.01s
GET /favicon.ico user=anon status=404 time=0.02s
GET /api/v1/auth/github/login user=anon status=200 time=0.05s
GET /api/v1/auth/github/callback user=anon status=200 time=3.21s
GET /api/v1/auth/github/callback user=anon status=400 time=0.00s
GET /api/v1/auth/github/login user=anon status=200 time=0.09s
GET /api/v1/auth/github/callback user=anon status=200 time=1.85s
GET /api/v1/auth/github/callback user=anon status=200 time=1.61s
GET /api/v1/auth/github/callback user=anon status=400 time=0.00s
GET /api/v1/auth/github/login user=anon status=200 time=0.27s
GET /api/v1/auth/github/callback user=anon status=200 time=1.79s
GET /api/v1/auth/github/callback user=anon status=400 time=0.00s
GET /api/v1/auth/github/login user=anon status=200 time=0.21s
GET /api/v1/auth/github/callback user=anon status=200 time=2.51s
GET /api/v1/auth/github/callback user=anon status=400 time=0.00s
GET /api/v1/auth/github/login user=anon status=200 time=0.14s
GET /favicon.ico user=anon status=404 time=0.02s
GET /api/v1/auth/github/callback user=anon status=200 time=2.44s
GET /api/v1/auth/github/callback user=anon status=400 time=0.00s
GET /api/v1/auth/github/login user=anon status=500 time=0.17s
GET /api/v1/auth/github/login user=anon status=500 time=0.12s
GET /api/v1/auth/github/login user=anon status=500 time=0.18s
GET /api/v1/auth/github/login user=anon status=500 time=0.06s
GET /api/v1/auth/github/login user=anon status=200 time=1.06s
GET /api/v1/auth/github/callback user=anon status=502 time=0.93s
GET /api/v1/auth/github/callback user=anon status=400 time=0.00s
GET /api/v1/auth/github/login user=anon status=200 time=0.13s
GET /api/v1/auth/github/login user=anon status=200 time=0.09s
GET /favicon.ico user=anon status=404 time=0.02s
GET /api/v1/auth/github/callback user=anon status=502 time=3.44s
GET /api/v1/auth/github/callback user=anon status=400 time=0.01s
